  ConsoleApplication1.cpp
c:\users\пользователь\desktop\лабораторная робота №5 (ооп)\consoleapplication1\consoleapplication1\consoleapplication1.cpp(14): warning C4101: tt: неиспользованная локальная переменная
  c:\users\пользователь\desktop\лабораторная робота №5 (ооп)\consoleapplication1\consoleapplication1\consoleapplication1.cpp(103): note: выполняется компиляция ссылки на экземпляр шаблон функции "void Calc<int>(MyVektor<int>,MyVektor<int>,MyVektor<int>)"
c:\users\пользователь\desktop\лабораторная робота №5 (ооп)\consoleapplication1\consoleapplication1\consoleapplication1.cpp(13): warning C4101: sizeb: неиспользованная локальная переменная
c:\users\пользователь\desktop\лабораторная робота №5 (ооп)\consoleapplication1\consoleapplication1\consoleapplication1.cpp(13): warning C4101: sizea: неиспользованная локальная переменная
c:\program files (x86)\microsoft visual studio\2017\community\vc\tools\msvc\14.12.25827\include\complex(100): warning C4244: return: преобразование "std::numeric_limits<double>::_Ty" в "int", возможна потеря данных
  c:\program files (x86)\microsoft visual studio\2017\community\vc\tools\msvc\14.12.25827\include\complex(99): note: при компиляции функции-члена "<Нет данных>" класса класс <Нет данных>
  c:\program files (x86)\microsoft visual studio\2017\community\vc\tools\msvc\14.12.25827\include\complex(657): note: выполняется компиляция ссылки на экземпляр шаблон функции "int std::_Ctraits<_Ty>::_Nanv(void)"
          with
          [
              _Ty=int
          ]
  c:\program files (x86)\microsoft visual studio\2017\community\vc\tools\msvc\14.12.25827\include\complex(655): note: выполняется компиляция ссылки на экземпляр шаблон класс "std::_Ctraits<_Ty>"
          with
          [
              _Ty=int
          ]
  c:\program files (x86)\microsoft visual studio\2017\community\vc\tools\msvc\14.12.25827\include\complex(1209): note: выполняется компиляция ссылки на экземпляр шаблон функции "void std::_Complex_base<_Ty,std::_Complex_value<_Ty>>::_Div<int>(const std::complex<_Ty> &)"
          with
          [
              _Ty=int
          ]
  c:\program files (x86)\microsoft visual studio\2017\community\vc\tools\msvc\14.12.25827\include\complex(1209): note: выполняется компиляция ссылки на экземпляр шаблон функции "void std::_Complex_base<_Ty,std::_Complex_value<_Ty>>::_Div<int>(const std::complex<_Ty> &)"
          with
          [
              _Ty=int
          ]
  c:\program files (x86)\microsoft visual studio\2017\community\vc\tools\msvc\14.12.25827\include\complex(1208): note: при компиляции функции-члена "<Нет данных>" класса класс <Нет данных>
  c:\program files (x86)\microsoft visual studio\2017\community\vc\tools\msvc\14.12.25827\include\xcomplex(89): note: выполняется компиляция ссылки на экземпляр шаблон функции "std::complex<int> &std::complex<int>::operator /=(const std::complex<int> &)"
  c:\users\пользователь\desktop\лабораторная робота №5 (ооп)\consoleapplication1\consoleapplication1\consoleapplication1.cpp(107): note: выполняется компиляция ссылки на экземпляр шаблон класс "std::complex<int>"
  ConsoleApplication1.vcxproj -> C:\Users\Пользователь\Desktop\Лабораторная робота №5 (ООП)\ConsoleApplication1\Debug\ConsoleApplication1.exe
